<?xml version="1.0" encoding="UTF-8"?>
<testng-results skipped="0" failed="0" ignored="0" total="1" passed="1">
  <reporter-output>
  </reporter-output>
  <suite name="KishorTesting" duration-ms="69" started-at="2018-09-07T09:18:20Z" finished-at="2018-09-07T09:18:20Z">
    <groups>
    </groups>
    <test name="Groups" duration-ms="69" started-at="2018-09-07T09:18:20Z" finished-at="2018-09-07T09:18:20Z">
      <class name="Mavenkishor.kishortest.Log4J">
        <test-method status="PASS" signature="logkj()[pri:0, instance:Mavenkishor.kishortest.Log4J@45820e51]" name="logkj" duration-ms="34" started-at="2018-09-07T09:18:20Z" finished-at="2018-09-07T09:18:20Z">
          <reporter-output>
          </reporter-output>
        </test-method> <!-- logkj -->
      </class> <!-- Mavenkishor.kishortest.Log4J -->
    </test> <!-- Groups -->
  </suite> <!-- KishorTesting -->
</testng-results>
