<?xml version="1.0" encoding="UTF-8"?>
<testng-results skipped="0" failed="0" ignored="0" total="1" passed="1">
  <reporter-output>
  </reporter-output>
  <suite name="KishorTesting" duration-ms="48" started-at="2018-09-07T08:22:53Z" finished-at="2018-09-07T08:22:53Z">
    <groups>
    </groups>
    <test name="Groups" duration-ms="48" started-at="2018-09-07T08:22:53Z" finished-at="2018-09-07T08:22:53Z">
      <class name="Mavenkishor.kishortest.Log4J">
        <test-method status="PASS" signature="logkj()[pri:0, instance:Mavenkishor.kishortest.Log4J@65e2dbf3]" name="logkj" duration-ms="21" started-at="2018-09-07T08:22:53Z" finished-at="2018-09-07T08:22:53Z">
          <reporter-output>
          </reporter-output>
        </test-method> <!-- logkj -->
      </class> <!-- Mavenkishor.kishortest.Log4J -->
    </test> <!-- Groups -->
  </suite> <!-- KishorTesting -->
</testng-results>
